Arguments: 
  C:\Program Files\nodejs\node.exe C:\Users\lfeuga\AppData\Roaming\npm\node_modules\yarn\bin\yarn.js add react-native-image-picker

PATH: 
  C:\Program Files (x86)\Common Files\Oracle\Java\javapath;C:\Program Files (x86)\Intel\iCLS Client\;C:\Program Files\Intel\iCLS Client\;C:\ProgramData\Oracle\Java\javapath;C:\WINDOWS\system32;C:\WINDOWS;C:\WINDOWS\System32\Wbem;C:\WINDOWS\System32\WindowsPowerShell\v1.0\;C:\Program Files (x86)\Intel\Intel(R) Management Engine Components\DAL;C:\Program Files\Intel\Intel(R) Management Engine Components\DAL;C:\Program Files (x86)\Intel\Intel(R) Management Engine Components\IPT;C:\Program Files\Intel\Intel(R) Management Engine Components\IPT;C:\Program Files\Git\cmd;C:\Program Files\apache-maven-3.5.4\bin;C:\Program Files\nodejs\;C:\Program Files (x86)\Druide\Antidote 9\Application\Bin64\;C:\Program Files (x86)\Druide\Antidote 9\Application\Bin32\;C:\Program Files\Actiona;C:\Users\lfeuga\AppData\Local\Microsoft\WindowsApps;C:\Program Files\Microsoft VS Code\bin;C:\Users\lfeuga\AppData\Roaming\npm;C:\Users\lfeuga\AppData\Roaming\Dashlane\6.1848.0.15588\bin\Firefox_Extension\{442718d9-475e-452a-b3e1-fb1ee16b8e9f}\components;C:\Users\lfeuga\AppData\Roaming\Dashlane\6.1848.0.15588\ucrt;C:\Users\lfeuga\AppData\Roaming\Dashlane\6.1848.0.15588\bin\Qt;C:\Users\lfeuga\AppData\Roaming\Dashlane\6.1848.0.15588\bin\Ssl

Yarn version: 
  1.12.3

Node version: 
  8.11.3

Platform: 
  win32 x64

Trace: 
  Error: EPERM: operation not permitted, unlink 'C:\Projects\mobile\REACT_NATIVE_POC\node_modules\.cache\@babel\register'

npm manifest: 
  {
    "name": "empty-project-template",
    "main": "node_modules/expo/AppEntry.js",
    "private": true,
    "scripts": {
      "start": "expo start",
      "android": "expo start --android",
      "ios": "expo start --ios",
      "eject": "expo eject"
    },
    "dependencies": {
      "expo": "^31.0.2",
      "native-base": "^2.8.2",
      "react": "16.5.0",
      "react-native": "https://github.com/expo/react-native/archive/sdk-31.0.0.tar.gz",
      "react-native-elements": "^1.0.0-beta7",
      "react-native-side-menu": "^1.1.3",
      "react-navigation": "^3.0.8"
    },
    "devDependencies": {
      "babel-preset-expo": "^5.0.0"
    }
  }

yarn manifest: 
  No manifest

Lockfile: 
  No lockfile
